[debug] [2025-04-06T19:29:37.849Z] ----------------------------------------------------------------------
[debug] [2025-04-06T19:29:37.855Z] Command:       C:\Program Files\nodejs\node.exe C:\Users\arjun\npm-global\node_modules\firebase-tools\lib\bin\firebase.js init
[debug] [2025-04-06T19:29:37.856Z] CLI Version:   14.1.0
[debug] [2025-04-06T19:29:37.856Z] Platform:      win32
[debug] [2025-04-06T19:29:37.856Z] Node Version:  v22.14.0
[debug] [2025-04-06T19:29:37.857Z] Time:          Mon Apr 07 2025 00:59:37 GMT+0530 (India Standard Time)
[debug] [2025-04-06T19:29:37.857Z] ----------------------------------------------------------------------
[debug] 
[debug] [2025-04-06T19:29:37.866Z] >>> [apiv2][query] GET https://firebase-public.firebaseio.com/cli.json [none]
[debug] [2025-04-06T19:29:37.944Z] > command requires scopes: ["email","openid","https://www.googleapis.com/auth/cloudplatformprojects.readonly","https://www.googleapis.com/auth/firebase","https://www.googleapis.com/auth/cloud-platform"]
[debug] [2025-04-06T19:29:37.945Z] > authorizing via signed-in user (techarjung@gmail.com)
[info] 
     ######## #### ########  ######## ########     ###     ######  ########
     ##        ##  ##     ## ##       ##     ##  ##   ##  ##       ##
     ######    ##  ########  ######   ########  #########  ######  ######
     ##        ##  ##    ##  ##       ##     ## ##     ##       ## ##
     ##       #### ##     ## ######## ########  ##     ##  ######  ########

You're about to initialize a Firebase project in this directory:

  C:\Users\arjun\OneDrive\Desktop\KODEON\horizontal-scroll

[debug] [2025-04-06T19:29:39.600Z] <<< [apiv2][status] GET https://firebase-public.firebaseio.com/cli.json 200
[debug] [2025-04-06T19:29:39.600Z] <<< [apiv2][body] GET https://firebase-public.firebaseio.com/cli.json {"cloudBuildErrorAfter":1594252800000,"cloudBuildWarnAfter":1590019200000,"defaultNode10After":1594252800000,"minVersion":"3.0.5","node8DeploysDisabledAfter":1613390400000,"node8RuntimeDisabledAfter":1615809600000,"node8WarnAfter":1600128000000}
[info] 
=== Project Setup
[info] 
[info] First, let's associate this project directory with a Firebase project.
[info] You can create multiple project aliases by running firebase use --add, 
[info] but for now we'll just set up a default project.
[info] 
[info] i  If you want to create a project in a Google Cloud organization or folder, please use "firebase projects:create" instead, and return to this command when you've created the project. 
[debug] [2025-04-06T19:30:43.685Z] Checked if tokens are valid: false, expires at: 1743771258435
[debug] [2025-04-06T19:30:43.686Z] Checked if tokens are valid: false, expires at: 1743771258435
[debug] [2025-04-06T19:30:43.686Z] > refreshing access token with scopes: []
[debug] [2025-04-06T19:30:43.688Z] >>> [apiv2][query] POST https://www.googleapis.com/oauth2/v3/token [none]
[debug] [2025-04-06T19:30:43.688Z] >>> [apiv2][body] POST https://www.googleapis.com/oauth2/v3/token [omitted]
[debug] [2025-04-06T19:30:44.370Z] <<< [apiv2][status] POST https://www.googleapis.com/oauth2/v3/token 200
[debug] [2025-04-06T19:30:44.371Z] <<< [apiv2][body] POST https://www.googleapis.com/oauth2/v3/token [omitted]
[debug] [2025-04-06T19:30:44.418Z] >>> [apiv2][query] POST https://cloudresourcemanager.googleapis.com/v1/projects [none]
[debug] [2025-04-06T19:30:44.418Z] >>> [apiv2][body] POST https://cloudresourcemanager.googleapis.com/v1/projects {"projectId":"horizontal-scroll","name":"\t\t\thorizontal-scroll"}
[debug] [2025-04-06T19:30:46.573Z] <<< [apiv2][status] POST https://cloudresourcemanager.googleapis.com/v1/projects 400
[debug] [2025-04-06T19:30:46.573Z] <<< [apiv2][body] POST https://cloudresourcemanager.googleapis.com/v1/projects {"error":{"code":400,"message":"field [display_name] has issue [project display name contains invalid characters]","status":"INVALID_ARGUMENT","details":[{"@type":"type.googleapis.com/google.rpc.BadRequest","fieldViolations":[{"field":"display_name","description":"project display name contains invalid characters"}]},{"@type":"type.googleapis.com/google.rpc.Help","links":[{"url":"https://cloud.google.com/resource-manager/reference/rest/v1/projects"}]}]}}
[debug] [2025-04-06T19:30:46.874Z] FirebaseError: Request to https://cloudresourcemanager.googleapis.com/v1/projects had HTTP Error: 400, field [display_name] has issue [project display name contains invalid characters]
    at responseToError (C:\Users\arjun\npm-global\node_modules\firebase-tools\lib\responseToError.js:52:12)
    at RetryOperation._fn (C:\Users\arjun\npm-global\node_modules\firebase-tools\lib\apiv2.js:312:77)
    at process.processTicksAndRejections (node:internal/process/task_queues:105:5)
[error] 
[error] Error: Failed to create project. See firebase-debug.log for more info.
[debug] [2025-04-06T19:31:04.408Z] ----------------------------------------------------------------------
[debug] [2025-04-06T19:31:04.414Z] Command:       C:\Program Files\nodejs\node.exe C:\Users\arjun\npm-global\node_modules\firebase-tools\lib\bin\firebase.js init
[debug] [2025-04-06T19:31:04.415Z] CLI Version:   14.1.0
[debug] [2025-04-06T19:31:04.415Z] Platform:      win32
[debug] [2025-04-06T19:31:04.415Z] Node Version:  v22.14.0
[debug] [2025-04-06T19:31:04.416Z] Time:          Mon Apr 07 2025 01:01:04 GMT+0530 (India Standard Time)
[debug] [2025-04-06T19:31:04.416Z] ----------------------------------------------------------------------
[debug] 
[debug] [2025-04-06T19:31:04.429Z] > command requires scopes: ["email","openid","https://www.googleapis.com/auth/cloudplatformprojects.readonly","https://www.googleapis.com/auth/firebase","https://www.googleapis.com/auth/cloud-platform"]
[debug] [2025-04-06T19:31:04.430Z] > authorizing via signed-in user (techarjung@gmail.com)
[info] 
     ######## #### ########  ######## ########     ###     ######  ########
     ##        ##  ##     ## ##       ##     ##  ##   ##  ##       ##
     ######    ##  ########  ######   ########  #########  ######  ######
     ##        ##  ##    ##  ##       ##     ## ##     ##       ## ##
     ##       #### ##     ## ######## ########  ##     ##  ######  ########

You're about to initialize a Firebase project in this directory:

  C:\Users\arjun\OneDrive\Desktop\KODEON\horizontal-scroll

[info] 
=== Project Setup
[info] 
[info] First, let's associate this project directory with a Firebase project.
[info] You can create multiple project aliases by running firebase use --add, 
[info] but for now we'll just set up a default project.
[info] 
[info] i  If you want to create a project in a Google Cloud organization or folder, please use "firebase projects:create" instead, and return to this command when you've created the project. 
[debug] [2025-04-06T19:31:48.865Z] Checked if tokens are valid: true, expires at: 1743971443371
[debug] [2025-04-06T19:31:48.866Z] Checked if tokens are valid: true, expires at: 1743971443371
[debug] [2025-04-06T19:31:48.869Z] >>> [apiv2][query] POST https://cloudresourcemanager.googleapis.com/v1/projects [none]
[debug] [2025-04-06T19:31:48.869Z] >>> [apiv2][body] POST https://cloudresourcemanager.googleapis.com/v1/projects {"projectId":"horizontal-scroll","name":"scroll"}
[debug] [2025-04-06T19:31:50.690Z] <<< [apiv2][status] POST https://cloudresourcemanager.googleapis.com/v1/projects 409
[debug] [2025-04-06T19:31:50.691Z] <<< [apiv2][body] POST https://cloudresourcemanager.googleapis.com/v1/projects {"error":{"code":409,"message":"Requested entity already exists","status":"ALREADY_EXISTS"}}
[debug] [2025-04-06T19:31:51.009Z] FirebaseError: Request to https://cloudresourcemanager.googleapis.com/v1/projects had HTTP Error: 409, Requested entity already exists
    at responseToError (C:\Users\arjun\npm-global\node_modules\firebase-tools\lib\responseToError.js:52:12)
    at RetryOperation._fn (C:\Users\arjun\npm-global\node_modules\firebase-tools\lib\apiv2.js:312:77)
    at process.processTicksAndRejections (node:internal/process/task_queues:105:5)
[error] 
[error] Error: Failed to create project because there is already a project with ID horizontal-scroll. Please try again with a unique project ID.
